Determining if the pthread_create exist failed with the following output:
Change Dir: /home/amsl/AMSL_ros_pkg/ceres/teledrive/build/CMakeFiles/CMakeTmp

Run Build Command:/usr/bin/make "cmTryCompileExec3462676860/fast"
make[1]: ディレクトリ `/home/amsl/AMSL_ros_pkg/ceres/teledrive/build/CMakeFiles/CMakeTmp' に入ります
/usr/bin/make -f CMakeFiles/cmTryCompileExec3462676860.dir/build.make CMakeFiles/cmTryCompileExec3462676860.dir/build
make[2]: ディレクトリ `/home/amsl/AMSL_ros_pkg/ceres/teledrive/build/CMakeFiles/CMakeTmp' に入ります
/usr/bin/cmake -E cmake_progress_report /home/amsl/AMSL_ros_pkg/ceres/teledrive/build/CMakeFiles/CMakeTmp/CMakeFiles 1
Building C object CMakeFiles/cmTryCompileExec3462676860.dir/CheckSymbolExists.c.o
/usr/bin/cc    -o CMakeFiles/cmTryCompileExec3462676860.dir/CheckSymbolExists.c.o   -c /home/amsl/AMSL_ros_pkg/ceres/teledrive/build/CMakeFiles/CMakeTmp/CheckSymbolExists.c
Linking C executable cmTryCompileExec3462676860
/usr/bin/cmake -E cmake_link_script CMakeFiles/cmTryCompileExec3462676860.dir/link.txt --verbose=1
/usr/bin/cc         CMakeFiles/cmTryCompileExec3462676860.dir/CheckSymbolExists.c.o  -o cmTryCompileExec3462676860 -rdynamic 
CMakeFiles/cmTryCompileExec3462676860.dir/CheckSymbolExists.c.o: 関数 `main' 内:
CheckSymbolExists.c:(.text+0xa): `pthread_create' に対する定義されていない参照です
collect2: エラー: ld はステータス 1 で終了しました
make[2]: *** [cmTryCompileExec3462676860] エラー 1
make[2]: ディレクトリ `/home/amsl/AMSL_ros_pkg/ceres/teledrive/build/CMakeFiles/CMakeTmp' から出ます
make[1]: *** [cmTryCompileExec3462676860/fast] エラー 2
make[1]: ディレクトリ `/home/amsl/AMSL_ros_pkg/ceres/teledrive/build/CMakeFiles/CMakeTmp' から出ます

File /home/amsl/AMSL_ros_pkg/ceres/teledrive/build/CMakeFiles/CMakeTmp/CheckSymbolExists.c:
/* */
#include <pthread.h>

int main(int argc, char** argv)
{
  (void)argv;
#ifndef pthread_create
  return ((int*)(&pthread_create))[argc];
#else
  (void)argc;
  return 0;
#endif
}

Determining if the function pthread_create exists in the pthreads failed with the following output:
Change Dir: /home/amsl/AMSL_ros_pkg/ceres/teledrive/build/CMakeFiles/CMakeTmp

Run Build Command:/usr/bin/make "cmTryCompileExec1357848459/fast"
make[1]: ディレクトリ `/home/amsl/AMSL_ros_pkg/ceres/teledrive/build/CMakeFiles/CMakeTmp' に入ります
/usr/bin/make -f CMakeFiles/cmTryCompileExec1357848459.dir/build.make CMakeFiles/cmTryCompileExec1357848459.dir/build
make[2]: ディレクトリ `/home/amsl/AMSL_ros_pkg/ceres/teledrive/build/CMakeFiles/CMakeTmp' に入ります
/usr/bin/cmake -E cmake_progress_report /home/amsl/AMSL_ros_pkg/ceres/teledrive/build/CMakeFiles/CMakeTmp/CMakeFiles 1
Building C object CMakeFiles/cmTryCompileExec1357848459.dir/CheckFunctionExists.c.o
/usr/bin/cc   -DCHECK_FUNCTION_EXISTS=pthread_create   -o CMakeFiles/cmTryCompileExec1357848459.dir/CheckFunctionExists.c.o   -c /usr/share/cmake-2.8/Modules/CheckFunctionExists.c
Linking C executable cmTryCompileExec1357848459
/usr/bin/cmake -E cmake_link_script CMakeFiles/cmTryCompileExec1357848459.dir/link.txt --verbose=1
/usr/bin/cc     -DCHECK_FUNCTION_EXISTS=pthread_create    CMakeFiles/cmTryCompileExec1357848459.dir/CheckFunctionExists.c.o  -o cmTryCompileExec1357848459 -rdynamic -lpthreads 
/usr/bin/ld: -lpthreads が見つかりません
collect2: エラー: ld はステータス 1 で終了しました
make[2]: *** [cmTryCompileExec1357848459] エラー 1
make[2]: ディレクトリ `/home/amsl/AMSL_ros_pkg/ceres/teledrive/build/CMakeFiles/CMakeTmp' から出ます
make[1]: *** [cmTryCompileExec1357848459/fast] エラー 2
make[1]: ディレクトリ `/home/amsl/AMSL_ros_pkg/ceres/teledrive/build/CMakeFiles/CMakeTmp' から出ます


